{
  "RSpec": {
    "coverage": {
      "/Users/emma/Dropbox (Personal)/My_Projects/twitter_local_guide/spec/controllers/accounts_controller_spec.rb": [
        1,
        null,
        1,
        6,
        null,
        1,
        1,
        1,
        1,
        null,
        null,
        null,
        1,
        1,
        3,
        1,
        1,
        1,
        2,
        null,
        null,
        1,
        1,
        1,
        null,
        null,
        null,
        1,
        1,
        1,
        1,
        null,
        null,
        null,
        null,
        1,
        1,
        1,
        1,
        1,
        1,
        null,
        null,
        null
      ],
      "/Users/emma/Dropbox (Personal)/My_Projects/twitter_local_guide/spec/rails_helper.rb": [
        null,
        1,
        1,
        null,
        1,
        1,
        1,
        1,
        1,
        null,
        null,
        null,
        null,
        null,
        null,
        null,
        null,
        null,
        null,
        null,
        null,
        null,
        null,
        null,
        null,
        null,
        null,
        null,
        null,
        1,
        null,
        1,
        null,
        1,
        null,
        null,
        null,
        null,
        1,
        null,
        null,
        null,
        null,
        null,
        null,
        null,
        null,
        null,
        null,
        null,
        null,
        null,
        null,
        1,
        null,
        null,
        1,
        null,
        null,
        1,
        1,
        1,
        null,
        null,
        1,
        20,
        20,
        null,
        null,
        null
      ],
      "/Users/emma/Dropbox (Personal)/My_Projects/twitter_local_guide/config/environment.rb": [
        null,
        1,
        null,
        null,
        1
      ],
      "/Users/emma/Dropbox (Personal)/My_Projects/twitter_local_guide/config/application.rb": [
        1,
        null,
        1,
        null,
        1,
        1,
        1,
        1,
        1,
        1,
        1,
        null,
        null,
        null,
        null,
        1,
        null,
        1,
        1,
        null,
        null,
        null,
        null,
        null,
        null,
        null,
        null,
        null,
        null,
        null,
        null,
        null,
        1,
        null,
        null
      ],
      "/Users/emma/Dropbox (Personal)/My_Projects/twitter_local_guide/config/boot.rb": [
        1,
        null,
        1
      ],
      "/Users/emma/Dropbox (Personal)/My_Projects/twitter_local_guide/config/environments/test.rb": [
        1,
        null,
        null,
        null,
        null,
        null,
        null,
        1,
        null,
        null,
        null,
        null,
        1,
        null,
        null,
        1,
        1,
        null,
        null,
        1,
        1,
        null,
        null,
        1,
        null,
        null,
        1,
        null,
        null,
        null,
        null,
        1,
        null,
        null,
        1,
        null,
        null,
        1,
        null,
        null,
        null,
        null
      ],
      "/Users/emma/Dropbox (Personal)/My_Projects/twitter_local_guide/config/initializers/assets.rb": [
        null,
        null,
        null,
        1,
        null,
        null,
        null,
        null,
        null,
        null,
        null
      ],
      "/Users/emma/Dropbox (Personal)/My_Projects/twitter_local_guide/config/initializers/backtrace_silencers.rb": [
        null,
        null,
        null,
        null,
        null,
        null,
        null
      ],
      "/Users/emma/Dropbox (Personal)/My_Projects/twitter_local_guide/config/initializers/cookies_serializer.rb": [
        null,
        null,
        1
      ],
      "/Users/emma/Dropbox (Personal)/My_Projects/twitter_local_guide/config/initializers/filter_parameter_logging.rb": [
        null,
        null,
        null,
        1
      ],
      "/Users/emma/Dropbox (Personal)/My_Projects/twitter_local_guide/config/initializers/inflections.rb": [
        null,
        null,
        null,
        null,
        null,
        null,
        null,
        null,
        null,
        null,
        null,
        null,
        null,
        null,
        null,
        null
      ],
      "/Users/emma/Dropbox (Personal)/My_Projects/twitter_local_guide/config/initializers/mime_types.rb": [
        null,
        null,
        null,
        null
      ],
      "/Users/emma/Dropbox (Personal)/My_Projects/twitter_local_guide/config/initializers/session_store.rb": [
        null,
        null,
        1
      ],
      "/Users/emma/Dropbox (Personal)/My_Projects/twitter_local_guide/config/initializers/wrap_parameters.rb": [
        null,
        null,
        null,
        null,
        null,
        null,
        1,
        1,
        null,
        null,
        null,
        null,
        null,
        null
      ],
      "/Users/emma/Dropbox (Personal)/My_Projects/twitter_local_guide/spec/factories/accounts.rb": [
        1,
        1,
        1,
        1,
        null,
        null
      ],
      "/Users/emma/Dropbox (Personal)/My_Projects/twitter_local_guide/config/routes.rb": [
        1,
        1,
        1,
        null,
        1,
        null,
        null,
        null,
        null,
        null,
        null,
        null,
        null,
        null,
        null,
        null,
        null,
        null,
        null,
        null,
        null,
        null,
        null,
        null,
        null,
        null,
        null,
        null,
        null,
        null,
        null,
        null,
        null,
        null,
        null,
        null,
        null,
        null,
        null,
        null,
        null,
        null,
        null,
        null,
        null,
        null,
        null,
        null,
        null,
        null,
        null,
        null,
        null,
        null,
        null,
        null,
        null,
        null,
        null,
        null
      ],
      "/Users/emma/Dropbox (Personal)/My_Projects/twitter_local_guide/app/helpers/application_helper.rb": [
        1,
        null
      ],
      "/Users/emma/Dropbox (Personal)/My_Projects/twitter_local_guide/app/helpers/tweets_helper.rb": [
        1,
        null
      ],
      "/Users/emma/Dropbox (Personal)/My_Projects/twitter_local_guide/spec/web_helpers.rb": [
        1,
        6,
        6,
        6,
        6,
        6,
        null
      ],
      "/Users/emma/Dropbox (Personal)/My_Projects/twitter_local_guide/app/controllers/accounts_controller.rb": [
        1,
        null,
        1,
        null,
        null,
        1,
        9,
        9,
        4,
        4,
        null,
        5,
        5,
        null,
        null,
        null,
        1,
        9,
        null,
        null,
        1,
        null,
        null,
        1,
        2,
        null,
        null
      ],
      "/Users/emma/Dropbox (Personal)/My_Projects/twitter_local_guide/app/controllers/application_controller.rb": [
        1,
        null,
        null,
        1,
        null,
        null
      ],
      "/Users/emma/Dropbox (Personal)/My_Projects/twitter_local_guide/spec/controllers/application_controller_spec.rb": [
        1,
        null,
        1,
        null,
        null
      ],
      "/Users/emma/Dropbox (Personal)/My_Projects/twitter_local_guide/spec/controllers/tweets_controller_spec.rb": [
        1,
        null,
        1,
        4,
        2,
        null,
        1,
        1,
        1,
        1,
        null,
        null,
        null,
        1,
        1,
        1,
        1,
        null,
        null,
        null,
        1,
        1,
        1,
        1,
        null,
        null,
        null,
        null
      ],
      "/Users/emma/Dropbox (Personal)/My_Projects/twitter_local_guide/app/controllers/tweets_controller.rb": [
        1,
        1,
        null,
        1,
        null,
        null,
        1,
        1,
        1,
        1,
        1,
        null,
        null,
        1,
        12,
        null,
        null,
        1,
        12,
        null,
        null
      ],
      "/Users/emma/Dropbox (Personal)/My_Projects/twitter_local_guide/spec/features/accounts_feature_spec.rb": [
        1,
        null,
        null,
        null,
        1,
        1,
        1,
        1,
        1,
        null,
        null,
        null,
        1,
        1,
        1,
        1,
        1,
        null,
        null,
        1,
        1,
        1,
        null,
        null,
        1,
        1,
        1,
        null,
        null,
        1,
        1,
        1,
        null,
        null,
        null
      ],
      "/Users/emma/Dropbox (Personal)/My_Projects/twitter_local_guide/spec/features/tweets_feature_spec.rb": [
        1,
        null,
        null,
        null,
        1,
        1,
        1,
        1,
        null,
        null,
        1,
        1,
        1,
        1,
        null,
        null
      ],
      "/Users/emma/Dropbox (Personal)/My_Projects/twitter_local_guide/spec/models/account_model_spec.rb": [
        1,
        null,
        1,
        1,
        1,
        1,
        1,
        1,
        1,
        null,
        null,
        1,
        1,
        1,
        1,
        null,
        null,
        1,
        1,
        1,
        1,
        null,
        null,
        1,
        1,
        1,
        1,
        null,
        null,
        null,
        1,
        1,
        1,
        1,
        1,
        null,
        null,
        null,
        null
      ],
      "/Users/emma/Dropbox (Personal)/My_Projects/twitter_local_guide/app/models/account.rb": [
        1,
        1,
        1,
        null,
        1,
        null
      ]
    },
    "timestamp": 1457012562
  }
}
